e:\githubworkspace\cppexamples\beginners\beginners\debug\vc140.pdb
e:\githubworkspace\cppexamples\beginners\beginners\debug\vc140.idb
e:\githubworkspace\cppexamples\beginners\beginners\debug\copy-values-in-range.obj
e:\githubworkspace\cppexamples\beginners\beginners\debug\sort-range-of-elements.obj
e:\githubworkspace\cppexamples\beginners\beginners\debug\swap-containers.obj
e:\githubworkspace\cppexamples\beginners\beginners\debug\swap-values.obj
e:\githubworkspace\cppexamples\beginners\beginners\debug\copy-and-swap.obj
e:\githubworkspace\cppexamples\beginners\beginners\debug\delegate-behavior-to-derived-classes.obj
e:\githubworkspace\cppexamples\beginners\beginners\debug\lexicographic-ordering.obj
e:\githubworkspace\cppexamples\beginners\beginners\debug\non-member-interfaces.obj
e:\githubworkspace\cppexamples\beginners\beginners\debug\rule-of-five.obj
e:\githubworkspace\cppexamples\beginners\beginners\debug\rule-of-zero.obj
e:\githubworkspace\cppexamples\beginners\beginners\debug\virtual-constructor.obj
e:\githubworkspace\cppexamples\beginners\beginners\debug\calling_lambda_expressions.obj
e:\githubworkspace\cppexamples\beginners\beginners\debug\declaring_lambda_expressions.obj
e:\githubworkspace\cppexamples\beginners\beginners\debug\eh_lambda_expression.obj
e:\githubworkspace\cppexamples\beginners\beginners\debug\function_lambda_expression.obj
e:\githubworkspace\cppexamples\beginners\beginners\debug\high_order_lambda_expressions.obj
e:\githubworkspace\cppexamples\beginners\beginners\debug\nesting_lambda_expressions.obj
e:\githubworkspace\cppexamples\beginners\beginners\debug\template_lambda_expression.obj
e:\githubworkspace\cppexamples\beginners\beginners\debug\main.obj
e:\githubworkspace\cppexamples\beginners\beginners\debug\copy-range-of-elements.obj
e:\githubworkspace\cppexamples\beginners\beginners\debug\beginners.tlog\cl.command.1.tlog
e:\githubworkspace\cppexamples\beginners\beginners\debug\beginners.tlog\cl.read.1.tlog
e:\githubworkspace\cppexamples\beginners\beginners\debug\beginners.tlog\cl.write.1.tlog
